<?xml version="1.0" encoding="UTF-8"?>
<testng-results ignored="0" total="6" passed="6" failed="0" skipped="0">
  <reporter-output>
  </reporter-output>
  <suite started-at="2024-09-01T01:00:24 IST" name="All Test Suite" finished-at="2024-09-01T01:00:38 IST" duration-ms="14326">
    <groups>
    </groups>
    <test started-at="2024-09-01T01:00:24 IST" name="C:/Users/abhai/eclipse-workspace/TestNG/TestNG/src/test/java/orangeHRM/OrangeHRM.java" finished-at="2024-09-01T01:00:38 IST" duration-ms="14326">
      <class name="orangeHRM.OrangeHRM">
        <test-method signature="logo()[pri:1, instance:orangeHRM.OrangeHRM@40cb698e]" started-at="2024-09-01T01:00:24 IST" name="logo" finished-at="2024-09-01T01:00:35 IST" duration-ms="11660" status="PASS">
          <reporter-output>
          </reporter-output>
        </test-method> <!-- logo -->
        <test-method signature="login()[pri:2, instance:orangeHRM.OrangeHRM@40cb698e]" started-at="2024-09-01T01:00:35 IST" name="login" finished-at="2024-09-01T01:00:36 IST" duration-ms="1180" status="PASS">
          <reporter-output>
          </reporter-output>
        </test-method> <!-- login -->
        <test-method signature="logout()[pri:3, instance:orangeHRM.OrangeHRM@40cb698e]" started-at="2024-09-01T01:00:36 IST" name="logout" finished-at="2024-09-01T01:00:38 IST" duration-ms="1263" status="PASS">
          <reporter-output>
          </reporter-output>
        </test-method> <!-- logout -->
        <test-method signature="quit_browser()[pri:4, instance:orangeHRM.OrangeHRM@40cb698e]" started-at="2024-09-01T01:00:38 IST" name="quit_browser" finished-at="2024-09-01T01:00:38 IST" duration-ms="159" status="PASS">
          <reporter-output>
          </reporter-output>
        </test-method> <!-- quit_browser -->
      </class> <!-- orangeHRM.OrangeHRM -->
      <class name="orangeHRM.Copy">
        <test-method signature="login()[pri:2, instance:orangeHRM.Copy@a5bd950]" started-at="2024-09-01T01:00:38 IST" name="login" finished-at="2024-09-01T01:00:38 IST" duration-ms="6" status="PASS">
          <reporter-output>
          </reporter-output>
        </test-method> <!-- login -->
        <test-method signature="logout()[pri:3, instance:orangeHRM.Copy@a5bd950]" started-at="2024-09-01T01:00:38 IST" name="logout" finished-at="2024-09-01T01:00:38 IST" duration-ms="1" status="PASS">
          <reporter-output>
          </reporter-output>
        </test-method> <!-- logout -->
      </class> <!-- orangeHRM.Copy -->
    </test> <!-- C:/Users/abhai/eclipse-workspace/TestNG/TestNG/src/test/java/orangeHRM/OrangeHRM.java -->
  </suite> <!-- All Test Suite -->
</testng-results>
