<?xml version="1.0" encoding="UTF-8"?>
<testng-results ignored="0" total="1" passed="1" failed="0" skipped="0">
  <reporter-output>
  </reporter-output>
  <suite started-at="2024-09-04T14:57:21 IST" name="Default Suite" finished-at="2024-09-04T14:57:28 IST" duration-ms="6711">
    <groups>
    </groups>
    <test started-at="2024-09-04T14:57:21 IST" name="TestNG" finished-at="2024-09-04T14:57:28 IST" duration-ms="6711">
      <class name="pageobjectmodel.TestCase_Login">
        <test-method is-config="true" signature="setup()[pri:0, instance:pageobjectmodel.TestCase_Login@6973bf95]" started-at="2024-09-04T14:57:21 IST" name="setup" finished-at="2024-09-04T14:57:26 IST" duration-ms="4601" status="PASS">
          <reporter-output>
          </reporter-output>
        </test-method> <!-- setup -->
        <test-method signature="TestLogin()[pri:0, instance:pageobjectmodel.TestCase_Login@6973bf95]" started-at="2024-09-04T14:57:26 IST" name="TestLogin" finished-at="2024-09-04T14:57:28 IST" duration-ms="1825" status="PASS">
          <reporter-output>
          </reporter-output>
        </test-method> <!-- TestLogin -->
        <test-method is-config="true" signature="tearDown()[pri:0, instance:pageobjectmodel.TestCase_Login@6973bf95]" started-at="2024-09-04T14:57:28 IST" name="tearDown" finished-at="2024-09-04T14:57:28 IST" duration-ms="251" status="PASS">
          <reporter-output>
          </reporter-output>
        </test-method> <!-- tearDown -->
      </class> <!-- pageobjectmodel.TestCase_Login -->
    </test> <!-- TestNG -->
  </suite> <!-- Default Suite -->
</testng-results>
