<?xml version="1.0" encoding="UTF-8"?>
<!-- Generated by org.testng.reporters.JUnitXMLReporter -->
<testsuite ignored="0" hostname="ABHAI" failures="0" tests="3" name="TestNG" time="7.311" errors="0" timestamp="2024-09-02T23:32:59 IST">
  <testcase classname="parameterization.Parallal_testing_xml" name="testlogo" time="3.042"/>
  <testcase classname="parameterization.Parallal_testing_xml" name="testingTitle" time="0.006"/>
  <testcase classname="parameterization.Parallal_testing_xml" name="testingURL" time="0.006"/>
</testsuite> <!-- TestNG -->
