<?xml version="1.0" encoding="UTF-8"?>
<!-- Generated by org.testng.reporters.JUnitXMLReporter -->
<testsuite ignored="0" hostname="ABHAI" failures="1" tests="1" name="TestNG" time="0.065" errors="0" timestamp="2024-09-02T01:00:00 IST">
  <testcase classname="Assertions.Abhai" name="method" time="0.015">
    <failure type="java.lang.AssertionError" message="The following asserts failed:
	expected [OK] but found [Haii]">
      <![CDATA[java.lang.AssertionError: The following asserts failed:
expected [OK] but found [Haii]
at Assertions.Abhai.method(Abhai.java:16)
at java.base/java.util.ArrayList.forEach(ArrayList.java:1596)
at com.intellij.rt.testng.IDEARemoteTestNG.run(IDEARemoteTestNG.java:65)
at com.intellij.rt.testng.RemoteTestNGStarter.main(RemoteTestNGStarter.java:105)
... Removed 24 stack frames]]>
    </failure>
  </testcase> <!-- method -->
</testsuite> <!-- TestNG -->
