<?xml version="1.0" encoding="UTF-8"?>
<!-- Generated by org.testng.reporters.JUnitXMLReporter -->
<testsuite ignored="0" hostname="ABHAI" failures="0" tests="3" name="C:" time="9.974" errors="0" timestamp="2024-09-03T00:39:43 IST">
  <testcase classname="parameterization.Parallal_testing_xml" name="testlogo" time="3.068"/>
  <testcase classname="parameterization.Parallal_testing_xml" name="testingTitle" time="0.004"/>
  <testcase classname="parameterization.Parallal_testing_xml" name="testingURL" time="0.004"/>
</testsuite> <!-- C: -->
