<?xml version="1.0" encoding="UTF-8"?>
<!-- Generated by org.testng.reporters.JUnitXMLReporter -->
<testsuite ignored="0" hostname="ABHAI" failures="0" tests="3" name="Edge" time="8.874" errors="0" timestamp="2024-09-03T00:53:36 IST">
  <testcase classname="parameterization.Parallal_testing_xml" name="testlogo" time="3.073"/>
  <testcase classname="parameterization.Parallal_testing_xml" name="testingTitle" time="0.085"/>
  <testcase classname="parameterization.Parallal_testing_xml" name="testingURL" time="0.012"/>
</testsuite> <!-- Edge -->
