<?xml version="1.0" encoding="UTF-8"?>
<!-- Generated by org.testng.reporters.JUnitXMLReporter -->
<testsuite ignored="0" hostname="ABHAI" failures="0" tests="3" name="Firefox:" time="11.613" errors="0" timestamp="2024-09-03T00:53:39 IST">
  <testcase classname="parameterization.Parallal_testing_xml" name="testlogo" time="3.062"/>
  <testcase classname="parameterization.Parallal_testing_xml" name="testingTitle" time="0.003"/>
  <testcase classname="parameterization.Parallal_testing_xml" name="testingURL" time="0.004"/>
</testsuite> <!-- Firefox: -->
