<?xml version="1.0" encoding="UTF-8"?>
<!-- Generated by org.testng.reporters.JUnitXMLReporter -->
<testsuite ignored="0" hostname="ABHAI" failures="0" tests="8" name="grouping test" time="0.069" errors="0" timestamp="2024-09-02T14:55:45 IST">
  <testcase classname="Grouping.LoginTest" name="LoginByEmail" time="0.007"/>
  <testcase classname="Grouping.LoginTest" name="LoginByFacebook" time="0.0"/>
  <testcase classname="Grouping.LoginTest" name="LoginByTwitter" time="0.001"/>
  <testcase classname="Grouping.PaymentTest" name="paymentinRupees" time="0.001"/>
  <testcase classname="Grouping.PaymentTest" name="paymentinDollars" time="0.001"/>
  <testcase classname="Grouping.SignupTest" name="signupByEmail" time="0.001"/>
  <testcase classname="Grouping.SignupTest" name="signupByFacebook" time="0.001"/>
  <testcase classname="Grouping.SignupTest" name="signupByTwitter" time="0.001"/>
</testsuite> <!-- grouping test -->
