<?xml version="1.0" encoding="UTF-8"?>
<!-- Generated by org.testng.reporters.JUnitXMLReporter -->
<testsuite ignored="5" hostname="ABHAI" failures="0" tests="3" name="groupingtest" time="0.056" errors="0" timestamp="2024-09-02T15:11:48 IST">
  <testcase classname="Grouping.LoginTest" name="LoginByEmail" time="0.005"/>
  <testcase classname="Grouping.LoginTest" name="LoginByFacebook" time="0.001"/>
  <testcase classname="Grouping.LoginTest" name="LoginByTwitter" time="0.001"/>
  <testcase classname="Grouping.SignupTest" name="signupByFacebook" time="0.0">
    <ignored/>
  </testcase> <!-- signupByFacebook -->
  <testcase classname="Grouping.PaymentTest" name="paymentinDollars" time="0.0">
    <ignored/>
  </testcase> <!-- paymentinDollars -->
  <testcase classname="Grouping.SignupTest" name="signupByTwitter" time="0.0">
    <ignored/>
  </testcase> <!-- signupByTwitter -->
  <testcase classname="Grouping.PaymentTest" name="paymentinRupees" time="0.0">
    <ignored/>
  </testcase> <!-- paymentinRupees -->
  <testcase classname="Grouping.SignupTest" name="signupByEmail" time="0.0">
    <ignored/>
  </testcase> <!-- signupByEmail -->
</testsuite> <!-- groupingtest -->
